TN:
SF:src/repositories/InMemory/InMemoryUsersRepository.ts
FN:4,<instance_members_initializer>
FN:7,find
FN:11,findById
FN:15,create
FN:33,updateById
FN:55,deleteById
FNF:6
FNH:6
FNDA:4,<instance_members_initializer>
FNDA:1,find
FNDA:1,findById
FNDA:3,create
FNDA:1,updateById
FNDA:1,deleteById
DA:1,1
DA:2,1
DA:3,1
DA:4,1
DA:5,4
DA:6,4
DA:7,4
DA:8,1
DA:9,1
DA:10,4
DA:11,4
DA:12,1
DA:13,1
DA:14,4
DA:15,4
DA:16,3
DA:17,3
DA:18,3
DA:19,3
DA:20,3
DA:21,3
DA:22,3
DA:23,3
DA:24,3
DA:25,3
DA:26,3
DA:27,3
DA:28,3
DA:29,3
DA:30,3
DA:31,3
DA:32,4
DA:33,4
DA:34,1
DA:35,1
DA:36,1
DA:37,1
DA:38,1
DA:39,1
DA:40,1
DA:41,1
DA:42,1
DA:43,1
DA:44,1
DA:45,1
DA:46,1
DA:47,1
DA:48,1
DA:49,0
DA:50,1
DA:51,1
DA:52,1
DA:53,1
DA:54,4
DA:55,4
DA:56,1
DA:57,1
DA:58,1
DA:59,1
DA:60,1
DA:61,1
DA:62,1
DA:63,1
DA:64,4
LF:64
LH:63
BRDA:4,0,0,4
BRDA:7,1,0,1
BRDA:11,2,0,1
BRDA:15,3,0,3
BRDA:33,4,0,1
BRDA:37,5,0,0
BRDA:41,6,0,0
BRDA:36,7,0,1
BRDA:47,8,0,1
BRDA:49,9,0,0
BRDA:55,10,0,1
BRDA:58,11,0,0
BRDA:56,12,0,1
BRF:13
BRH:9
end_of_record
